{
  "RSpec": {
    "coverage": {
      "/Users/jeremiahmichlitsch/Turing/Mod_3/Projects/rails-engine/app/models/customer.rb": {
        "lines": [
          1,
          null
        ]
      },
      "/Users/jeremiahmichlitsch/Turing/Mod_3/Projects/rails-engine/app/models/application_record.rb": {
        "lines": [
          1,
          1,
          null,
          1,
          1,
          null,
          1,
          null,
          null,
          1,
          9,
          9,
          9,
          null,
          null
        ]
      },
      "/Users/jeremiahmichlitsch/Turing/Mod_3/Projects/rails-engine/app/models/invoice.rb": {
        "lines": [
          1,
          1,
          1,
          1,
          1,
          null
        ]
      },
      "/Users/jeremiahmichlitsch/Turing/Mod_3/Projects/rails-engine/app/models/item.rb": {
        "lines": [
          1,
          1,
          1,
          1,
          null
        ]
      },
      "/Users/jeremiahmichlitsch/Turing/Mod_3/Projects/rails-engine/app/models/merchant.rb": {
        "lines": [
          1,
          1,
          1,
          null,
          null
        ]
      },
      "/Users/jeremiahmichlitsch/Turing/Mod_3/Projects/rails-engine/app/models/transaction.rb": {
        "lines": [
          1,
          1,
          null
        ]
      },
      "/Users/jeremiahmichlitsch/Turing/Mod_3/Projects/rails-engine/app/models/invoice_item.rb": {
        "lines": [
          1,
          1,
          1,
          null
        ]
      },
      "/Users/jeremiahmichlitsch/Turing/Mod_3/Projects/rails-engine/app/controllers/api/v1/items_controller.rb": {
        "lines": [
          1,
          1,
          2,
          2,
          null,
          0,
          null,
          2,
          null,
          null,
          1,
          1,
          1,
          null,
          null,
          1,
          1,
          1,
          null,
          null,
          1,
          null,
          1,
          1,
          null,
          null
        ]
      },
      "/Users/jeremiahmichlitsch/Turing/Mod_3/Projects/rails-engine/app/controllers/application_controller.rb": {
        "lines": [
          1,
          null
        ]
      },
      "/Users/jeremiahmichlitsch/Turing/Mod_3/Projects/rails-engine/app/serializers/item_serializer.rb": {
        "lines": [
          1,
          1,
          1,
          null
        ]
      },
      "/Users/jeremiahmichlitsch/Turing/Mod_3/Projects/rails-engine/app/controllers/api/v1/merchants_controller.rb": {
        "lines": [
          1,
          1,
          8,
          8,
          null,
          null,
          1,
          1,
          1,
          null,
          null
        ]
      },
      "/Users/jeremiahmichlitsch/Turing/Mod_3/Projects/rails-engine/app/serializers/merchant_serializer.rb": {
        "lines": [
          1,
          1,
          1,
          null
        ]
      }
    },
    "timestamp": 1617824384
  }
}
