{
  "RSpec": {
    "coverage": {
      "/Users/jeremiahmichlitsch/Turing/Mod_3/Projects/rails-engine/app/models/customer.rb": {
        "lines": [
          1,
          null
        ]
      },
      "/Users/jeremiahmichlitsch/Turing/Mod_3/Projects/rails-engine/app/models/application_record.rb": {
        "lines": [
          1,
          1,
          null
        ]
      },
      "/Users/jeremiahmichlitsch/Turing/Mod_3/Projects/rails-engine/app/models/invoice.rb": {
        "lines": [
          1,
          1,
          1,
          1,
          1,
          null
        ]
      },
      "/Users/jeremiahmichlitsch/Turing/Mod_3/Projects/rails-engine/app/models/item.rb": {
        "lines": [
          1,
          1,
          1,
          1,
          null
        ]
      },
      "/Users/jeremiahmichlitsch/Turing/Mod_3/Projects/rails-engine/app/models/merchant.rb": {
        "lines": [
          1,
          1,
          1,
          null
        ]
      },
      "/Users/jeremiahmichlitsch/Turing/Mod_3/Projects/rails-engine/app/models/transaction.rb": {
        "lines": [
          1,
          1,
          null
        ]
      },
      "/Users/jeremiahmichlitsch/Turing/Mod_3/Projects/rails-engine/app/models/invoice_item.rb": {
        "lines": [
          1,
          1,
          1,
          null
        ]
      }
    },
    "timestamp": 1617742889
  }
}
